<?xml version="1.0" encoding="UTF-8"?>
<testng-results ignored="0" total="1" passed="1" failed="0" skipped="0">
  <reporter-output>
  </reporter-output>
  <suite started-at="2024-08-17T02:09:13 SAST" name="Surefire suite" finished-at="2024-08-17T02:09:17 SAST" duration-ms="4185">
    <groups>
    </groups>
    <test started-at="2024-08-17T02:09:13 SAST" name="Surefire test" finished-at="2024-08-17T02:09:17 SAST" duration-ms="4185">
      <class name="com.cube.AppTest">
        <test-method is-config="true" signature="initBrowser()[pri:0, instance:com.cube.AppTest@44a664f2]" started-at="2024-08-17T02:09:13 SAST" name="initBrowser" finished-at="2024-08-17T02:09:17 SAST" duration-ms="3892" status="PASS">
          <reporter-output>
          </reporter-output>
        </test-method> <!-- initBrowser -->
        <test-method signature="calculateFactorial()[pri:0, instance:com.cube.AppTest@44a664f2]" started-at="2024-08-17T02:09:17 SAST" name="calculateFactorial" finished-at="2024-08-17T02:09:17 SAST" duration-ms="133" status="PASS">
          <reporter-output>
          </reporter-output>
        </test-method> <!-- calculateFactorial -->
        <test-method is-config="true" signature="tearDownBrowser()[pri:0, instance:com.cube.AppTest@44a664f2]" started-at="2024-08-17T02:09:17 SAST" name="tearDownBrowser" finished-at="2024-08-17T02:09:17 SAST" duration-ms="132" status="PASS">
          <reporter-output>
          </reporter-output>
        </test-method> <!-- tearDownBrowser -->
      </class> <!-- com.cube.AppTest -->
    </test> <!-- Surefire test -->
  </suite> <!-- Surefire suite -->
</testng-results>
